Started by user leo cherian jacob
Running as SYSTEM
Building in workspace /var/jenkins_home/workspace/ecommerceApplication
The recommended git tool is: NONE
using credential leocjacob
 > git rev-parse --resolve-git-dir /var/jenkins_home/workspace/ecommerceApplication/.git # timeout=10
Fetching changes from the remote Git repository
 > git config remote.origin.url https://github.com/leocjacob/eCommerceApplication.git # timeout=10
Fetching upstream changes from https://github.com/leocjacob/eCommerceApplication.git
 > git --version # timeout=10
 > git --version # 'git version 2.30.2'
using GIT_ASKPASS to set credentials leocjacob github
 > git fetch --tags --force --progress -- https://github.com/leocjacob/eCommerceApplication.git +refs/heads/*:refs/remotes/origin/* # timeout=10
 > git rev-parse refs/remotes/origin/main^{commit} # timeout=10
Checking out Revision 6bc7057a81753d9587724992ca56609298f0602f (refs/remotes/origin/main)
 > git config core.sparsecheckout # timeout=10
 > git checkout -f 6bc7057a81753d9587724992ca56609298f0602f # timeout=10
Commit message: "added maven config"
 > git rev-list --no-walk f20eb13290e42089892e434e5bedb6bcbc4f62cf # timeout=10
[ecommerceApplication] $ /bin/sh -xe /tmp/jenkins9366070443554214841.sh
+ cd starter_code
+ ./mvnw test
[INFO] Scanning for projects...
[INFO] 
[INFO] ----------------------< com.example:auth-course >-----------------------
[INFO] Building auth-course 0.0.1-SNAPSHOT
[INFO]   from pom.xml
[INFO] --------------------------------[ jar ]---------------------------------
Downloading from splunk-artifactory: https://splunk.jfrog.io/splunk/ext-releases-local/org/apache/maven/plugins/maven-surefire-plugin/3.0.0-M9/maven-surefire-plugin-3.0.0-M9.pom
Downloading from central: https://repo.maven.apache.org/maven2/org/apache/maven/plugins/maven-surefire-plugin/3.0.0-M9/maven-surefire-plugin-3.0.0-M9.pom
Progress (1): 1.4/7.2 kBProgress (1): 2.7/7.2 kBProgress (1): 4.1/7.2 kBProgress (1): 5.5/7.2 kBProgress (1): 6.9/7.2 kBProgress (1): 7.2 kB                        Downloaded from central: https://repo.maven.apache.org/maven2/org/apache/maven/plugins/maven-surefire-plugin/3.0.0-M9/maven-surefire-plugin-3.0.0-M9.pom (7.2 kB at 43 kB/s)
Downloading from splunk-artifactory: https://splunk.jfrog.io/splunk/ext-releases-local/org/apache/maven/surefire/surefire/3.0.0-M9/surefire-3.0.0-M9.pom
Downloading from central: https://repo.maven.apache.org/maven2/org/apache/maven/surefire/surefire/3.0.0-M9/surefire-3.0.0-M9.pom
Progress (1): 1.4/22 kBProgress (1): 2.7/22 kBProgress (1): 4.1/22 kBProgress (1): 5.5/22 kBProgress (1): 6.9/22 kBProgress (1): 8.2/22 kBProgress (1): 9.6/22 kBProgress (1): 11/22 kB Progress (1): 12/22 kBProgress (1): 14/22 kBProgress (1): 15/22 kBProgress (1): 16/22 kBProgress (1): 17/22 kBProgress (1): 19/22 kBProgress (1): 20/22 kBProgress (1): 21/22 kBProgress (1): 22 kB                      Downloaded from central: https://repo.maven.apache.org/maven2/org/apache/maven/surefire/surefire/3.0.0-M9/surefire-3.0.0-M9.pom (22 kB at 255 kB/s)
Downloading from splunk-artifactory: https://splunk.jfrog.io/splunk/ext-releases-local/org/apache/maven/maven-parent/36/maven-parent-36.pom
Downloading from central: https://repo.maven.apache.org/maven2/org/apache/maven/maven-parent/36/maven-parent-36.pom
Progress (1): 1.4/45 kBProgress (1): 2.7/45 kBProgress (1): 4.1/45 kBProgress (1): 5.5/45 kBProgress (1): 6.9/45 kBProgress (1): 8.2/45 kBProgress (1): 9.6/45 kBProgress (1): 11/45 kB Progress (1): 12/45 kBProgress (1): 14/45 kBProgress (1): 15/45 kBProgress (1): 16/45 kBProgress (1): 32/45 kBProgress (1): 45 kB                      Downloaded from central: https://repo.maven.apache.org/maven2/org/apache/maven/maven-parent/36/maven-parent-36.pom (45 kB at 640 kB/s)
Downloading from splunk-artifactory: https://splunk.jfrog.io/splunk/ext-releases-local/org/apache/apache/26/apache-26.pom
Downloading from central: https://repo.maven.apache.org/maven2/org/apache/apache/26/apache-26.pom
Progress (1): 16/21 kBProgress (1): 21 kB                      Downloaded from central: https://repo.maven.apache.org/maven2/org/apache/apache/26/apache-26.pom (21 kB at 527 kB/s)
Downloading from splunk-artifactory: https://splunk.jfrog.io/splunk/ext-releases-local/org/apache/maven/surefire/maven-surefire-common/3.0.0-M9/maven-surefire-common-3.0.0-M9.pom
Downloading from central: https://repo.maven.apache.org/maven2/org/apache/maven/surefire/maven-surefire-common/3.0.0-M9/maven-surefire-common-3.0.0-M9.pom
Progress (1): 6.5 kB                    Downloaded from central: https://repo.maven.apache.org/maven2/org/apache/maven/surefire/maven-surefire-common/3.0.0-M9/maven-surefire-common-3.0.0-M9.pom (6.5 kB at 190 kB/s)
Downloading from splunk-artifactory: https://splunk.jfrog.io/splunk/ext-releases-local/org/apache/maven/surefire/surefire-api/3.0.0-M9/surefire-api-3.0.0-M9.pom
Downloading from central: https://repo.maven.apache.org/maven2/org/apache/maven/surefire/surefire-api/3.0.0-M9/surefire-api-3.0.0-M9.pom
Progress (1): 3.4 kB                    Downloaded from central: https://repo.maven.apache.org/maven2/org/apache/maven/surefire/surefire-api/3.0.0-M9/surefire-api-3.0.0-M9.pom (3.4 kB at 121 kB/s)
Downloading from splunk-artifactory: https://splunk.jfrog.io/splunk/ext-releases-local/org/apache/maven/surefire/surefire-logger-api/3.0.0-M9/surefire-logger-api-3.0.0-M9.pom
Downloading from central: https://repo.maven.apache.org/maven2/org/apache/maven/surefire/surefire-logger-api/3.0.0-M9/surefire-logger-api-3.0.0-M9.pom
Progress (1): 3.6 kB                    Downloaded from central: https://repo.maven.apache.org/maven2/org/apache/maven/surefire/surefire-logger-api/3.0.0-M9/surefire-logger-api-3.0.0-M9.pom (3.6 kB at 82 kB/s)
Downloading from splunk-artifactory: https://splunk.jfrog.io/splunk/ext-releases-local/org/apache/maven/surefire/surefire-shared-utils/3.0.0-M9/surefire-shared-utils-3.0.0-M9.pom
Downloading from central: https://repo.maven.apache.org/maven2/org/apache/maven/surefire/surefire-shared-utils/3.0.0-M9/surefire-shared-utils-3.0.0-M9.pom
Progress (1): 4.1 kB                    Downloaded from central: https://repo.maven.apache.org/maven2/org/apache/maven/surefire/surefire-shared-utils/3.0.0-M9/surefire-shared-utils-3.0.0-M9.pom (4.1 kB at 135 kB/s)
Downloading from splunk-artifactory: https://splunk.jfrog.io/splunk/ext-releases-local/org/apache/maven/surefire/surefire-extensions-api/3.0.0-M9/surefire-extensions-api-3.0.0-M9.pom
Downloading from central: https://repo.maven.apache.org/maven2/org/apache/maven/surefire/surefire-extensions-api/3.0.0-M9/surefire-extensions-api-3.0.0-M9.pom
Progress (1): 3.6 kB                    Downloaded from central: https://repo.maven.apache.org/maven2/org/apache/maven/surefire/surefire-extensions-api/3.0.0-M9/surefire-extensions-api-3.0.0-M9.pom (3.6 kB at 99 kB/s)
Downloading from splunk-artifactory: https://splunk.jfrog.io/splunk/ext-releases-local/org/apache/maven/surefire/surefire-booter/3.0.0-M9/surefire-booter-3.0.0-M9.pom
Downloading from central: https://repo.maven.apache.org/maven2/org/apache/maven/surefire/surefire-booter/3.0.0-M9/surefire-booter-3.0.0-M9.pom
Progress (1): 4.3 kB                    Downloaded from central: https://repo.maven.apache.org/maven2/org/apache/maven/surefire/surefire-booter/3.0.0-M9/surefire-booter-3.0.0-M9.pom (4.3 kB at 83 kB/s)
Downloading from splunk-artifactory: https://splunk.jfrog.io/splunk/ext-releases-local/org/apache/maven/surefire/surefire-extensions-spi/3.0.0-M9/surefire-extensions-spi-3.0.0-M9.pom
Downloading from central: https://repo.maven.apache.org/maven2/org/apache/maven/surefire/surefire-extensions-spi/3.0.0-M9/surefire-extensions-spi-3.0.0-M9.pom
Progress (1): 1.8 kB                    Downloaded from central: https://repo.maven.apache.org/maven2/org/apache/maven/surefire/surefire-extensions-spi/3.0.0-M9/surefire-extensions-spi-3.0.0-M9.pom (1.8 kB at 26 kB/s)
Downloading from splunk-artifactory: https://splunk.jfrog.io/splunk/ext-releases-local/org/apache/maven/shared/maven-common-artifact-filters/3.1.1/maven-common-artifact-filters-3.1.1.pom
Downloading from central: https://repo.maven.apache.org/maven2/org/apache/maven/shared/maven-common-artifact-filters/3.1.1/maven-common-artifact-filters-3.1.1.pom
Progress (1): 5.8 kB                    Downloaded from central: https://repo.maven.apache.org/maven2/org/apache/maven/shared/maven-common-artifact-filters/3.1.1/maven-common-artifact-filters-3.1.1.pom (5.8 kB at 181 kB/s)
Downloading from splunk-artifactory: https://splunk.jfrog.io/splunk/ext-releases-local/org/apache/maven/shared/maven-shared-components/34/maven-shared-components-34.pom
Downloading from central: https://repo.maven.apache.org/maven2/org/apache/maven/shared/maven-shared-components/34/maven-shared-components-34.pom
Progress (1): 5.1 kB                    Downloaded from central: https://repo.maven.apache.org/maven2/org/apache/maven/shared/maven-shared-components/34/maven-shared-components-34.pom (5.1 kB at 189 kB/s)
Downloading from splunk-artifactory: https://splunk.jfrog.io/splunk/ext-releases-local/org/apache/maven/maven-parent/34/maven-parent-34.pom
Downloading from central: https://repo.maven.apache.org/maven2/org/apache/maven/maven-parent/34/maven-parent-34.pom
Progress (1): 16/43 kBProgress (1): 33/43 kBProgress (1): 43 kB                      Downloaded from central: https://repo.maven.apache.org/maven2/org/apache/maven/maven-parent/34/maven-parent-34.pom (43 kB at 1.2 MB/s)
Downloading from splunk-artifactory: https://splunk.jfrog.io/splunk/ext-releases-local/org/apache/apache/23/apache-23.pom
Downloading from central: https://repo.maven.apache.org/maven2/org/apache/apache/23/apache-23.pom
Progress (1): 16/18 kBProgress (1): 18 kB                      Downloaded from central: https://repo.maven.apache.org/maven2/org/apache/apache/23/apache-23.pom (18 kB at 498 kB/s)
Downloading from splunk-artifactory: https://splunk.jfrog.io/splunk/ext-releases-local/org/apache/maven/maven-artifact/3.1.0/maven-artifact-3.1.0.pom
Downloading from central: https://repo.maven.apache.org/maven2/org/apache/maven/maven-artifact/3.1.0/maven-artifact-3.1.0.pom
Progress (1): 1.6 kB                    Downloaded from central: https://repo.maven.apache.org/maven2/org/apache/maven/maven-artifact/3.1.0/maven-artifact-3.1.0.pom (1.6 kB at 65 kB/s)
Downloading from splunk-artifactory: https://splunk.jfrog.io/splunk/ext-releases-local/org/apache/maven/maven/3.1.0/maven-3.1.0.pom
Downloading from central: https://repo.maven.apache.org/maven2/org/apache/maven/maven/3.1.0/maven-3.1.0.pom
Progress (1): 16/22 kBProgress (1): 22 kB                      Downloaded from central: https://repo.maven.apache.org/maven2/org/apache/maven/maven/3.1.0/maven-3.1.0.pom (22 kB at 641 kB/s)
Downloading from splunk-artifactory: https://splunk.jfrog.io/splunk/ext-releases-local/org/codehaus/plexus/plexus-utils/3.0.10/plexus-utils-3.0.10.pom
Downloading from central: https://repo.maven.apache.org/maven2/org/codehaus/plexus/plexus-utils/3.0.10/plexus-utils-3.0.10.pom
Progress (1): 3.1 kB                    Downloaded from central: https://repo.maven.apache.org/maven2/org/codehaus/plexus/plexus-utils/3.0.10/plexus-utils-3.0.10.pom (3.1 kB at 85 kB/s)
Downloading from splunk-artifactory: https://splunk.jfrog.io/splunk/ext-releases-local/org/codehaus/plexus/plexus/3.3/plexus-3.3.pom
Downloading from central: https://repo.maven.apache.org/maven2/org/codehaus/plexus/plexus/3.3/plexus-3.3.pom
Progress (1): 16/20 kBProgress (1): 20 kB                      Downloaded from central: https://repo.maven.apache.org/maven2/org/codehaus/plexus/plexus/3.3/plexus-3.3.pom (20 kB at 553 kB/s)
Downloading from splunk-artifactory: https://splunk.jfrog.io/splunk/ext-releases-local/org/apache/maven/maven-core/3.1.0/maven-core-3.1.0.pom
Downloading from central: https://repo.maven.apache.org/maven2/org/apache/maven/maven-core/3.1.0/maven-core-3.1.0.pom
Progress (1): 6.9 kB                    Downloaded from central: https://repo.maven.apache.org/maven2/org/apache/maven/maven-core/3.1.0/maven-core-3.1.0.pom (6.9 kB at 247 kB/s)
Downloading from splunk-artifactory: https://splunk.jfrog.io/splunk/ext-releases-local/org/apache/maven/maven-settings/3.1.0/maven-settings-3.1.0.pom
Downloading from central: https://repo.maven.apache.org/maven2/org/apache/maven/maven-settings/3.1.0/maven-settings-3.1.0.pom
Progress (1): 1.8 kB                    Downloaded from central: https://repo.maven.apache.org/maven2/org/apache/maven/maven-settings/3.1.0/maven-settings-3.1.0.pom (1.8 kB at 73 kB/s)
Downloading from splunk-artifactory: https://splunk.jfrog.io/splunk/ext-releases-local/org/apache/maven/maven-settings-builder/3.1.0/maven-settings-builder-3.1.0.pom
Downloading from central: https://repo.maven.apache.org/maven2/org/apache/maven/maven-settings-builder/3.1.0/maven-settings-builder-3.1.0.pom
Progress (1): 2.3 kB                    Downloaded from central: https://repo.maven.apache.org/maven2/org/apache/maven/maven-settings-builder/3.1.0/maven-settings-builder-3.1.0.pom (2.3 kB at 66 kB/s)
Downloading from splunk-artifactory: https://splunk.jfrog.io/splunk/ext-releases-local/org/codehaus/plexus/plexus-interpolation/1.16/plexus-interpolation-1.16.pom
Downloading from central: https://repo.maven.apache.org/maven2/org/codehaus/plexus/plexus-interpolation/1.16/plexus-interpolation-1.16.pom
Progress (1): 1.0 kB                    Downloaded from central: https://repo.maven.apache.org/maven2/org/codehaus/plexus/plexus-interpolation/1.16/plexus-interpolation-1.16.pom (1.0 kB at 33 kB/s)
Downloading from splunk-artifactory: https://splunk.jfrog.io/splunk/ext-releases-local/org/codehaus/plexus/plexus-components/1.3/plexus-components-1.3.pom
Downloading from central: https://repo.maven.apache.org/maven2/org/codehaus/plexus/plexus-components/1.3/plexus-components-1.3.pom
Progress (1): 3.1 kB                    Downloaded from central: https://repo.maven.apache.org/maven2/org/codehaus/plexus/plexus-components/1.3/plexus-components-1.3.pom (3.1 kB at 78 kB/s)
Downloading from splunk-artifactory: https://splunk.jfrog.io/splunk/ext-releases-local/org/apache/maven/maven-repository-metadata/3.1.0/maven-repository-metadata-3.1.0.pom
Downloading from central: https://repo.maven.apache.org/maven2/org/apache/maven/maven-repository-metadata/3.1.0/maven-repository-metadata-3.1.0.pom
Progress (1): 1.9 kB                    Downloaded from central: https://repo.maven.apache.org/maven2/org/apache/maven/maven-repository-metadata/3.1.0/maven-repository-metadata-3.1.0.pom (1.9 kB at 57 kB/s)
Downloading from splunk-artifactory: https://splunk.jfrog.io/splunk/ext-releases-local/org/apache/maven/maven-plugin-api/3.1.0/maven-plugin-api-3.1.0.pom
Downloading from central: https://repo.maven.apache.org/maven2/org/apache/maven/maven-plugin-api/3.1.0/maven-plugin-api-3.1.0.pom
Progress (1): 3.0 kB                    Downloaded from central: https://repo.maven.apache.org/maven2/org/apache/maven/maven-plugin-api/3.1.0/maven-plugin-api-3.1.0.pom (3.0 kB at 92 kB/s)
Downloading from splunk-artifactory: https://splunk.jfrog.io/splunk/ext-releases-local/org/eclipse/sisu/org.eclipse.sisu.plexus/0.0.0.M2a/org.eclipse.sisu.plexus-0.0.0.M2a.pom
Downloading from central: https://repo.maven.apache.org/maven2/org/eclipse/sisu/org.eclipse.sisu.plexus/0.0.0.M2a/org.eclipse.sisu.plexus-0.0.0.M2a.pom
Progress (1): 5.9 kB                    Downloaded from central: https://repo.maven.apache.org/maven2/org/eclipse/sisu/org.eclipse.sisu.plexus/0.0.0.M2a/org.eclipse.sisu.plexus-0.0.0.M2a.pom (5.9 kB at 179 kB/s)
Downloading from splunk-artifactory: https://splunk.jfrog.io/splunk/ext-releases-local/org/eclipse/sisu/sisu-plexus/0.0.0.M2a/sisu-plexus-0.0.0.M2a.pom
Downloading from central: https://repo.maven.apache.org/maven2/org/eclipse/sisu/sisu-plexus/0.0.0.M2a/sisu-plexus-0.0.0.M2a.pom
Progress (1): 7.9 kB                    Downloaded from central: https://repo.maven.apache.org/maven2/org/eclipse/sisu/sisu-plexus/0.0.0.M2a/sisu-plexus-0.0.0.M2a.pom (7.9 kB at 264 kB/s)
Downloading from splunk-artifactory: https://splunk.jfrog.io/splunk/ext-releases-local/com/google/guava/guava/10.0.1/guava-10.0.1.pom
Downloading from central: https://repo.maven.apache.org/maven2/com/google/guava/guava/10.0.1/guava-10.0.1.pom
Progress (1): 5.4 kB                    Downloaded from central: https://repo.maven.apache.org/maven2/com/google/guava/guava/10.0.1/guava-10.0.1.pom (5.4 kB at 154 kB/s)
Downloading from splunk-artifactory: https://splunk.jfrog.io/splunk/ext-releases-local/com/google/guava/guava-parent/10.0.1/guava-parent-10.0.1.pom
Downloading from central: https://repo.maven.apache.org/maven2/com/google/guava/guava-parent/10.0.1/guava-parent-10.0.1.pom
Progress (1): 2.0 kB                    Downloaded from central: https://repo.maven.apache.org/maven2/com/google/guava/guava-parent/10.0.1/guava-parent-10.0.1.pom (2.0 kB at 78 kB/s)
Downloading from splunk-artifactory: https://splunk.jfrog.io/splunk/ext-releases-local/com/google/code/findbugs/jsr305/1.3.9/jsr305-1.3.9.pom
Downloading from central: https://repo.maven.apache.org/maven2/com/google/code/findbugs/jsr305/1.3.9/jsr305-1.3.9.pom
Progress (1): 965 B                   Downloaded from central: https://repo.maven.apache.org/maven2/com/google/code/findbugs/jsr305/1.3.9/jsr305-1.3.9.pom (965 B at 28 kB/s)
Downloading from splunk-artifactory: https://splunk.jfrog.io/splunk/ext-releases-local/org/sonatype/sisu/sisu-guice/3.1.0/sisu-guice-3.1.0.pom
Downloading from central: https://repo.maven.apache.org/maven2/org/sonatype/sisu/sisu-guice/3.1.0/sisu-guice-3.1.0.pom
Progress (1): 10 kB                   Downloaded from central: https://repo.maven.apache.org/maven2/org/sonatype/sisu/sisu-guice/3.1.0/sisu-guice-3.1.0.pom (10 kB at 216 kB/s)
Downloading from splunk-artifactory: https://splunk.jfrog.io/splunk/ext-releases-local/org/sonatype/sisu/inject/guice-parent/3.1.0/guice-parent-3.1.0.pom
Downloading from central: https://repo.maven.apache.org/maven2/org/sonatype/sisu/inject/guice-parent/3.1.0/guice-parent-3.1.0.pom
Progress (1): 11 kB                   Downloaded from central: https://repo.maven.apache.org/maven2/org/sonatype/sisu/inject/guice-parent/3.1.0/guice-parent-3.1.0.pom (11 kB at 321 kB/s)
Downloading from splunk-artifactory: https://splunk.jfrog.io/splunk/ext-releases-local/aopalliance/aopalliance/1.0/aopalliance-1.0.pom
Downloading from central: https://repo.maven.apache.org/maven2/aopalliance/aopalliance/1.0/aopalliance-1.0.pom
Progress (1): 363 B                   Downloaded from central: https://repo.maven.apache.org/maven2/aopalliance/aopalliance/1.0/aopalliance-1.0.pom (363 B at 13 kB/s)
Downloading from splunk-artifactory: https://splunk.jfrog.io/splunk/ext-releases-local/org/eclipse/sisu/org.eclipse.sisu.inject/0.0.0.M2a/org.eclipse.sisu.inject-0.0.0.M2a.pom
Downloading from central: https://repo.maven.apache.org/maven2/org/eclipse/sisu/org.eclipse.sisu.inject/0.0.0.M2a/org.eclipse.sisu.inject-0.0.0.M2a.pom
Progress (1): 5.0 kB                    Downloaded from central: https://repo.maven.apache.org/maven2/org/eclipse/sisu/org.eclipse.sisu.inject/0.0.0.M2a/org.eclipse.sisu.inject-0.0.0.M2a.pom (5.0 kB at 146 kB/s)
Downloading from splunk-artifactory: https://splunk.jfrog.io/splunk/ext-releases-local/org/eclipse/sisu/sisu-inject/0.0.0.M2a/sisu-inject-0.0.0.M2a.pom
Downloading from central: https://repo.maven.apache.org/maven2/org/eclipse/sisu/sisu-inject/0.0.0.M2a/sisu-inject-0.0.0.M2a.pom
Progress (1): 7.8 kB                    Downloaded from central: https://repo.maven.apache.org/maven2/org/eclipse/sisu/sisu-inject/0.0.0.M2a/sisu-inject-0.0.0.M2a.pom (7.8 kB at 217 kB/s)
Downloading from splunk-artifactory: https://splunk.jfrog.io/splunk/ext-releases-local/asm/asm/3.3.1/asm-3.3.1.pom
Downloading from central: https://repo.maven.apache.org/maven2/asm/asm/3.3.1/asm-3.3.1.pom
Progress (1): 266 B                   Downloaded from central: https://repo.maven.apache.org/maven2/asm/asm/3.3.1/asm-3.3.1.pom (266 B at 9.5 kB/s)
Downloading from splunk-artifactory: https://splunk.jfrog.io/splunk/ext-releases-local/asm/asm-parent/3.3.1/asm-parent-3.3.1.pom
Downloading from central: https://repo.maven.apache.org/maven2/asm/asm-parent/3.3.1/asm-parent-3.3.1.pom
Progress (1): 4.3 kB                    Downloaded from central: https://repo.maven.apache.org/maven2/asm/asm-parent/3.3.1/asm-parent-3.3.1.pom (4.3 kB at 111 kB/s)
Downloading from splunk-artifactory: https://splunk.jfrog.io/splunk/ext-releases-local/org/codehaus/plexus/plexus-classworlds/2.4/plexus-classworlds-2.4.pom
Downloading from central: https://repo.maven.apache.org/maven2/org/codehaus/plexus/plexus-classworlds/2.4/plexus-classworlds-2.4.pom
Progress (1): 3.9 kB                    Downloaded from central: https://repo.maven.apache.org/maven2/org/codehaus/plexus/plexus-classworlds/2.4/plexus-classworlds-2.4.pom (3.9 kB at 118 kB/s)
Downloading from splunk-artifactory: https://splunk.jfrog.io/splunk/ext-releases-local/org/codehaus/plexus/plexus-utils/2.1/plexus-utils-2.1.pom
Downloading from central: https://repo.maven.apache.org/maven2/org/codehaus/plexus/plexus-utils/2.1/plexus-utils-2.1.pom
Progress (1): 4.0 kB                    Downloaded from central: https://repo.maven.apache.org/maven2/org/codehaus/plexus/plexus-utils/2.1/plexus-utils-2.1.pom (4.0 kB at 144 kB/s)
Downloading from splunk-artifactory: https://splunk.jfrog.io/splunk/ext-releases-local/org/sonatype/spice/spice-parent/16/spice-parent-16.pom
Downloading from central: https://repo.maven.apache.org/maven2/org/sonatype/spice/spice-parent/16/spice-parent-16.pom
Progress (1): 8.4 kB                    Downloaded from central: https://repo.maven.apache.org/maven2/org/sonatype/spice/spice-parent/16/spice-parent-16.pom (8.4 kB at 199 kB/s)
Downloading from splunk-artifactory: https://splunk.jfrog.io/splunk/ext-releases-local/org/apache/maven/maven-model-builder/3.1.0/maven-model-builder-3.1.0.pom
Downloading from central: https://repo.maven.apache.org/maven2/org/apache/maven/maven-model-builder/3.1.0/maven-model-builder-3.1.0.pom
Progress (1): 2.5 kB                    Downloaded from central: https://repo.maven.apache.org/maven2/org/apache/maven/maven-model-builder/3.1.0/maven-model-builder-3.1.0.pom (2.5 kB at 39 kB/s)
Downloading from splunk-artifactory: https://splunk.jfrog.io/splunk/ext-releases-local/org/apache/maven/maven-aether-provider/3.1.0/maven-aether-provider-3.1.0.pom
Downloading from central: https://repo.maven.apache.org/maven2/org/apache/maven/maven-aether-provider/3.1.0/maven-aether-provider-3.1.0.pom
Progress (1): 3.5 kB                    Downloaded from central: https://repo.maven.apache.org/maven2/org/apache/maven/maven-aether-provider/3.1.0/maven-aether-provider-3.1.0.pom (3.5 kB at 107 kB/s)
Downloading from splunk-artifactory: https://splunk.jfrog.io/splunk/ext-releases-local/org/eclipse/aether/aether-api/0.9.0.M2/aether-api-0.9.0.M2.pom
Downloading from central: https://repo.maven.apache.org/maven2/org/eclipse/aether/aether-api/0.9.0.M2/aether-api-0.9.0.M2.pom
Progress (1): 1.7 kB                    Downloaded from central: https://repo.maven.apache.org/maven2/org/eclipse/aether/aether-api/0.9.0.M2/aether-api-0.9.0.M2.pom (1.7 kB at 69 kB/s)
Downloading from splunk-artifactory: https://splunk.jfrog.io/splunk/ext-releases-local/org/eclipse/aether/aether/0.9.0.M2/aether-0.9.0.M2.pom
Downloading from central: https://repo.maven.apache.org/maven2/org/eclipse/aether/aether/0.9.0.M2/aether-0.9.0.M2.pom
Progress (1): 16/28 kBProgress (1): 28 kB                      Downloaded from central: https://repo.maven.apache.org/maven2/org/eclipse/aether/aether/0.9.0.M2/aether-0.9.0.M2.pom (28 kB at 995 kB/s)
Downloading from splunk-artifactory: https://splunk.jfrog.io/splunk/ext-releases-local/org/eclipse/aether/aether-spi/0.9.0.M2/aether-spi-0.9.0.M2.pom
Downloading from central: https://repo.maven.apache.org/maven2/org/eclipse/aether/aether-spi/0.9.0.M2/aether-spi-0.9.0.M2.pom
Progress (1): 1.8 kB                    Downloaded from central: https://repo.maven.apache.org/maven2/org/eclipse/aether/aether-spi/0.9.0.M2/aether-spi-0.9.0.M2.pom (1.8 kB at 37 kB/s)
Downloading from splunk-artifactory: https://splunk.jfrog.io/splunk/ext-releases-local/org/eclipse/aether/aether-util/0.9.0.M2/aether-util-0.9.0.M2.pom
Downloading from central: https://repo.maven.apache.org/maven2/org/eclipse/aether/aether-util/0.9.0.M2/aether-util-0.9.0.M2.pom
Progress (1): 2.0 kB                    Downloaded from central: https://repo.maven.apache.org/maven2/org/eclipse/aether/aether-util/0.9.0.M2/aether-util-0.9.0.M2.pom (2.0 kB at 39 kB/s)
Downloading from splunk-artifactory: https://splunk.jfrog.io/splunk/ext-releases-local/org/eclipse/aether/aether-impl/0.9.0.M2/aether-impl-0.9.0.M2.pom
Downloading from central: https://repo.maven.apache.org/maven2/org/eclipse/aether/aether-impl/0.9.0.M2/aether-impl-0.9.0.M2.pom
Progress (1): 3.3 kB                    Downloaded from central: https://repo.maven.apache.org/maven2/org/eclipse/aether/aether-impl/0.9.0.M2/aether-impl-0.9.0.M2.pom (3.3 kB at 146 kB/s)
Downloading from splunk-artifactory: https://splunk.jfrog.io/splunk/ext-releases-local/org/codehaus/plexus/plexus-classworlds/2.4.2/plexus-classworlds-2.4.2.pom
Downloading from central: https://repo.maven.apache.org/maven2/org/codehaus/plexus/plexus-classworlds/2.4.2/plexus-classworlds-2.4.2.pom
Progress (1): 3.5 kB                    Downloaded from central: https://repo.maven.apache.org/maven2/org/codehaus/plexus/plexus-classworlds/2.4.2/plexus-classworlds-2.4.2.pom (3.5 kB at 140 kB/s)
Downloading from splunk-artifactory: https://splunk.jfrog.io/splunk/ext-releases-local/org/codehaus/plexus/plexus/3.0.1/plexus-3.0.1.pom
Downloading from central: https://repo.maven.apache.org/maven2/org/codehaus/plexus/plexus/3.0.1/plexus-3.0.1.pom
Progress (1): 16/19 kBProgress (1): 19 kB                      Downloaded from central: https://repo.maven.apache.org/maven2/org/codehaus/plexus/plexus/3.0.1/plexus-3.0.1.pom (19 kB at 642 kB/s)
Downloading from splunk-artifactory: https://splunk.jfrog.io/splunk/ext-releases-local/org/codehaus/plexus/plexus-java/1.1.2/plexus-java-1.1.2.pom
Downloading from central: https://repo.maven.apache.org/maven2/org/codehaus/plexus/plexus-java/1.1.2/plexus-java-1.1.2.pom
Progress (1): 5.0 kB                    Downloaded from central: https://repo.maven.apache.org/maven2/org/codehaus/plexus/plexus-java/1.1.2/plexus-java-1.1.2.pom (5.0 kB at 155 kB/s)
Downloading from splunk-artifactory: https://splunk.jfrog.io/splunk/ext-releases-local/org/codehaus/plexus/plexus-languages/1.1.2/plexus-languages-1.1.2.pom
Downloading from central: https://repo.maven.apache.org/maven2/org/codehaus/plexus/plexus-languages/1.1.2/plexus-languages-1.1.2.pom
Progress (1): 4.1 kB                    Downloaded from central: https://repo.maven.apache.org/maven2/org/codehaus/plexus/plexus-languages/1.1.2/plexus-languages-1.1.2.pom (4.1 kB at 153 kB/s)
Downloading from splunk-artifactory: https://splunk.jfrog.io/splunk/ext-releases-local/org/codehaus/plexus/plexus/10/plexus-10.pom
Downloading from central: https://repo.maven.apache.org/maven2/org/codehaus/plexus/plexus/10/plexus-10.pom
Progress (1): 16/25 kBProgress (1): 25 kB                      Downloaded from central: https://repo.maven.apache.org/maven2/org/codehaus/plexus/plexus/10/plexus-10.pom (25 kB at 876 kB/s)
Downloading from splunk-artifactory: https://splunk.jfrog.io/splunk/ext-releases-local/org/ow2/asm/asm/9.4/asm-9.4.pom
Downloading from central: https://repo.maven.apache.org/maven2/org/ow2/asm/asm/9.4/asm-9.4.pom
Progress (1): 2.4 kB                    Downloaded from central: https://repo.maven.apache.org/maven2/org/ow2/asm/asm/9.4/asm-9.4.pom (2.4 kB at 91 kB/s)
Downloading from splunk-artifactory: https://splunk.jfrog.io/splunk/ext-releases-local/org/ow2/ow2/1.5.1/ow2-1.5.1.pom
Downloading from central: https://repo.maven.apache.org/maven2/org/ow2/ow2/1.5.1/ow2-1.5.1.pom
Progress (1): 11 kB                   Downloaded from central: https://repo.maven.apache.org/maven2/org/ow2/ow2/1.5.1/ow2-1.5.1.pom (11 kB at 389 kB/s)
Downloading from splunk-artifactory: https://splunk.jfrog.io/splunk/ext-releases-local/com/thoughtworks/qdox/qdox/2.0.3/qdox-2.0.3.pom
Downloading from central: https://repo.maven.apache.org/maven2/com/thoughtworks/qdox/qdox/2.0.3/qdox-2.0.3.pom
Progress (1): 16/17 kBProgress (1): 17 kB                      Downloaded from central: https://repo.maven.apache.org/maven2/com/thoughtworks/qdox/qdox/2.0.3/qdox-2.0.3.pom (17 kB at 575 kB/s)
Downloading from splunk-artifactory: https://splunk.jfrog.io/splunk/ext-releases-local/org/apache/maven/plugins/maven-surefire-plugin/3.0.0-M9/maven-surefire-plugin-3.0.0-M9.jar
Downloading from splunk-artifactory: https://splunk.jfrog.io/splunk/ext-releases-local/org/apache/maven/surefire/surefire-api/3.0.0-M9/surefire-api-3.0.0-M9.jar
Downloading from splunk-artifactory: https://splunk.jfrog.io/splunk/ext-releases-local/org/apache/maven/surefire/maven-surefire-common/3.0.0-M9/maven-surefire-common-3.0.0-M9.jar
Downloading from splunk-artifactory: https://splunk.jfrog.io/splunk/ext-releases-local/org/apache/maven/surefire/surefire-extensions-api/3.0.0-M9/surefire-extensions-api-3.0.0-M9.jar
Downloading from splunk-artifactory: https://splunk.jfrog.io/splunk/ext-releases-local/org/apache/maven/surefire/surefire-logger-api/3.0.0-M9/surefire-logger-api-3.0.0-M9.jar
Downloading from splunk-artifactory: https://splunk.jfrog.io/splunk/ext-releases-local/org/apache/maven/surefire/surefire-booter/3.0.0-M9/surefire-booter-3.0.0-M9.jar
Downloading from splunk-artifactory: https://splunk.jfrog.io/splunk/ext-releases-local/org/apache/maven/surefire/surefire-extensions-spi/3.0.0-M9/surefire-extensions-spi-3.0.0-M9.jar
Downloading from splunk-artifactory: https://splunk.jfrog.io/splunk/ext-releases-local/org/apache/maven/shared/maven-common-artifact-filters/3.1.1/maven-common-artifact-filters-3.1.1.jar
Downloading from splunk-artifactory: https://splunk.jfrog.io/splunk/ext-releases-local/org/apache/maven/maven-artifact/3.1.0/maven-artifact-3.1.0.jar
Downloading from splunk-artifactory: https://splunk.jfrog.io/splunk/ext-releases-local/org/codehaus/plexus/plexus-utils/3.0.10/plexus-utils-3.0.10.jar
Downloading from splunk-artifactory: https://splunk.jfrog.io/splunk/ext-releases-local/org/apache/maven/maven-core/3.1.0/maven-core-3.1.0.jar
Downloading from splunk-artifactory: https://splunk.jfrog.io/splunk/ext-releases-local/org/apache/maven/maven-settings/3.1.0/maven-settings-3.1.0.jar
Downloading from splunk-artifactory: https://splunk.jfrog.io/splunk/ext-releases-local/org/apache/maven/maven-settings-builder/3.1.0/maven-settings-builder-3.1.0.jar
Downloading from splunk-artifactory: https://splunk.jfrog.io/splunk/ext-releases-local/org/apache/maven/maven-repository-metadata/3.1.0/maven-repository-metadata-3.1.0.jar
Downloading from splunk-artifactory: https://splunk.jfrog.io/splunk/ext-releases-local/org/apache/maven/maven-model-builder/3.1.0/maven-model-builder-3.1.0.jar
Downloading from splunk-artifactory: https://splunk.jfrog.io/splunk/ext-releases-local/org/apache/maven/maven-aether-provider/3.1.0/maven-aether-provider-3.1.0.jar
Downloading from splunk-artifactory: https://splunk.jfrog.io/splunk/ext-releases-local/org/eclipse/aether/aether-spi/0.9.0.M2/aether-spi-0.9.0.M2.jar
Downloading from splunk-artifactory: https://splunk.jfrog.io/splunk/ext-releases-local/org/eclipse/aether/aether-impl/0.9.0.M2/aether-impl-0.9.0.M2.jar
Downloading from splunk-artifactory: https://splunk.jfrog.io/splunk/ext-releases-local/org/eclipse/aether/aether-api/0.9.0.M2/aether-api-0.9.0.M2.jar
Downloading from splunk-artifactory: https://splunk.jfrog.io/splunk/ext-releases-local/org/eclipse/aether/aether-util/0.9.0.M2/aether-util-0.9.0.M2.jar
Downloading from splunk-artifactory: https://splunk.jfrog.io/splunk/ext-releases-local/org/eclipse/sisu/org.eclipse.sisu.plexus/0.0.0.M2a/org.eclipse.sisu.plexus-0.0.0.M2a.jar
Downloading from splunk-artifactory: https://splunk.jfrog.io/splunk/ext-releases-local/org/sonatype/sisu/sisu-guice/3.1.0/sisu-guice-3.1.0-no_aop.jar
Downloading from splunk-artifactory: https://splunk.jfrog.io/splunk/ext-releases-local/aopalliance/aopalliance/1.0/aopalliance-1.0.jar
Downloading from splunk-artifactory: https://splunk.jfrog.io/splunk/ext-releases-local/org/eclipse/sisu/org.eclipse.sisu.inject/0.0.0.M2a/org.eclipse.sisu.inject-0.0.0.M2a.jar
Downloading from splunk-artifactory: https://splunk.jfrog.io/splunk/ext-releases-local/asm/asm/3.3.1/asm-3.3.1.jar
Downloading from splunk-artifactory: https://splunk.jfrog.io/splunk/ext-releases-local/org/codehaus/plexus/plexus-interpolation/1.16/plexus-interpolation-1.16.jar
Downloading from splunk-artifactory: https://splunk.jfrog.io/splunk/ext-releases-local/org/codehaus/plexus/plexus-classworlds/2.4.2/plexus-classworlds-2.4.2.jar
Downloading from splunk-artifactory: https://splunk.jfrog.io/splunk/ext-releases-local/org/apache/maven/maven-plugin-api/3.1.0/maven-plugin-api-3.1.0.jar
Downloading from splunk-artifactory: https://splunk.jfrog.io/splunk/ext-releases-local/commons-io/commons-io/2.6/commons-io-2.6.jar
Downloading from splunk-artifactory: https://splunk.jfrog.io/splunk/ext-releases-local/org/codehaus/plexus/plexus-java/1.1.2/plexus-java-1.1.2.jar
Downloading from splunk-artifactory: https://splunk.jfrog.io/splunk/ext-releases-local/org/ow2/asm/asm/9.4/asm-9.4.jar
Downloading from splunk-artifactory: https://splunk.jfrog.io/splunk/ext-releases-local/com/thoughtworks/qdox/qdox/2.0.3/qdox-2.0.3.jar
Downloading from splunk-artifactory: https://splunk.jfrog.io/splunk/ext-releases-local/org/apache/maven/surefire/surefire-shared-utils/3.0.0-M9/surefire-shared-utils-3.0.0-M9.jar
Downloading from central: https://repo.maven.apache.org/maven2/org/apache/maven/plugins/maven-surefire-plugin/3.0.0-M9/maven-surefire-plugin-3.0.0-M9.jar
Downloading from central: https://repo.maven.apache.org/maven2/org/apache/maven/surefire/maven-surefire-common/3.0.0-M9/maven-surefire-common-3.0.0-M9.jar
Downloading from central: https://repo.maven.apache.org/maven2/org/apache/maven/surefire/surefire-logger-api/3.0.0-M9/surefire-logger-api-3.0.0-M9.jar
Downloading from central: https://repo.maven.apache.org/maven2/org/apache/maven/surefire/surefire-extensions-api/3.0.0-M9/surefire-extensions-api-3.0.0-M9.jar
Downloading from central: https://repo.maven.apache.org/maven2/org/apache/maven/surefire/surefire-api/3.0.0-M9/surefire-api-3.0.0-M9.jar
Progress (1): 16/44 kBProgress (1): 32/44 kBProgress (1): 44 kB                      Downloaded from central: https://repo.maven.apache.org/maven2/org/apache/maven/plugins/maven-surefire-plugin/3.0.0-M9/maven-surefire-plugin-3.0.0-M9.jar (44 kB at 606 kB/s)
Downloading from central: https://repo.maven.apache.org/maven2/org/apache/maven/surefire/surefire-booter/3.0.0-M9/surefire-booter-3.0.0-M9.jar
Progress (1): 16/117 kBProgress (1): 33/117 kBProgress (1): 49/117 kBProgress (1): 66/117 kBProgress (1): 82/117 kBProgress (1): 98/117 kBProgress (1): 115/117 kBProgress (1): 117 kB    Progress (2): 117 kB | 1.4/14 kBProgress (3): 117 kB | 1.4/14 kB | 1.4/25 kBProgress (3): 117 kB | 2.7/14 kB | 1.4/25 kBProgress (3): 117 kB | 2.7/14 kB | 2.7/25 kBProgress (4): 117 kB | 2.7/14 kB | 2.7/25 kB | 16/305 kBProgress (4): 117 kB | 2.7/14 kB | 4.1/25 kB | 16/305 kBProgress (5): 117 kB | 2.7/14 kB | 4.1/25 kB | 16/305 kB | 16/170 kBProgress (5): 117 kB | 4.1/14 kB | 4.1/25 kB | 16/305 kB | 16/170 kBProgress (5): 117 kB | 4.1/14 kB | 4.1/25 kB | 16/305 kB | 33/170 kBProgress (5): 117 kB | 4.1/14 kB | 4.1/25 kB | 33/305 kB | 33/170 kBProgress (5): 117 kB | 4.1/14 kB | 5.5/25 kB | 33/305 kB | 33/170 kBProgress (5): 117 kB | 5.5/14 kB | 5.5/25 kB | 33/305 kB | 33/170 kBProgress (5): 117 kB | 6.9/14 kB | 5.5/25 kB | 33/305 kB | 33/170 kBProgress (5): 117 kB | 6.9/14 kB | 6.9/25 kB | 33/305 kB | 33/170 kBProgress (5): 117 kB | 6.9/14 kB | 6.9/25 kB | 49/305 kB | 33/170 kBProgress (5): 117 kB | 6.9/14 kB | 6.9/25 kB | 49/305 kB | 49/170 kBProgress (5): 117 kB | 6.9/14 kB | 6.9/25 kB | 49/305 kB | 66/170 kBProgress (5): 117 kB | 8.2/14 kB | 6.9/25 kB | 49/305 kB | 66/170 kBProgress (5): 117 kB | 8.2/14 kB | 6.9/25 kB | 66/305 kB | 66/170 kBProgress (5): 117 kB | 8.2/14 kB | 8.2/25 kB | 66/305 kB | 66/170 kBProgress (5): 117 kB | 8.2/14 kB | 8.2/25 kB | 66/305 kB | 82/170 kBProgress (5): 117 kB | 9.6/14 kB | 8.2/25 kB | 66/305 kB | 82/170 kBProgress (5): 117 kB | 9.6/14 kB | 8.2/25 kB | 82/305 kB | 82/170 kBProgress (5): 117 kB | 9.6/14 kB | 9.6/25 kB | 82/305 kB | 82/170 kBProgress (5): 117 kB | 11/14 kB | 9.6/25 kB | 82/305 kB | 82/170 kB Progress (5): 117 kB | 11/14 kB | 11/25 kB | 82/305 kB | 82/170 kB Progress (5): 117 kB | 11/14 kB | 11/25 kB | 82/305 kB | 98/170 kBProgress (5): 117 kB | 11/14 kB | 11/25 kB | 98/305 kB | 98/170 kBProgress (5): 117 kB | 11/14 kB | 11/25 kB | 115/305 kB | 98/170 kBProgress (5): 117 kB | 11/14 kB | 11/25 kB | 131/305 kB | 98/170 kBProgress (5): 117 kB | 11/14 kB | 12/25 kB | 131/305 kB | 98/170 kBProgress (5): 117 kB | 11/14 kB | 12/25 kB | 131/305 kB | 115/170 kBProgress (5): 117 kB | 12/14 kB | 12/25 kB | 131/305 kB | 115/170 kBProgress (5): 117 kB | 12/14 kB | 14/25 kB | 131/305 kB | 115/170 kB                                                                    Downloaded from central: https://repo.maven.apache.org/maven2/org/apache/maven/surefire/surefire-booter/3.0.0-M9/surefire-booter-3.0.0-M9.jar (117 kB at 572 kB/s)
Progress (4): 12/14 kB | 15/25 kB | 131/305 kB | 115/170 kBProgress (4): 14 kB | 15/25 kB | 131/305 kB | 115/170 kB   Progress (4): 14 kB | 15/25 kB | 131/305 kB | 131/170 kBProgress (4): 14 kB | 15/25 kB | 147/305 kB | 131/170 kB                                                        Downloading from central: https://repo.maven.apache.org/maven2/org/apache/maven/surefire/surefire-extensions-spi/3.0.0-M9/surefire-extensions-spi-3.0.0-M9.jar
Progress (4): 14 kB | 15/25 kB | 147/305 kB | 147/170 kBProgress (4): 14 kB | 15/25 kB | 147/305 kB | 164/170 kBProgress (4): 14 kB | 15/25 kB | 164/305 kB | 164/170 kBProgress (4): 14 kB | 15/25 kB | 164/305 kB | 170 kB    Progress (4): 14 kB | 15/25 kB | 180/305 kB | 170 kBProgress (4): 14 kB | 16/25 kB | 180/305 kB | 170 kBProgress (4): 14 kB | 18/25 kB | 180/305 kB | 170 kBProgress (4): 14 kB | 18/25 kB | 197/305 kB | 170 kBProgress (4): 14 kB | 19/25 kB | 197/305 kB | 170 kBProgress (4): 14 kB | 21/25 kB | 197/305 kB | 170 kBProgress (4): 14 kB | 21/25 kB | 213/305 kB | 170 kBProgress (4): 14 kB | 22/25 kB | 213/305 kB | 170 kBProgress (4): 14 kB | 23/25 kB | 213/305 kB | 170 kBProgress (4): 14 kB | 23/25 kB | 229/305 kB | 170 kBProgress (4): 14 kB | 25/25 kB | 229/305 kB | 170 kBProgress (4): 14 kB | 25 kB | 229/305 kB | 170 kB   Progress (4): 14 kB | 25 kB | 246/305 kB | 170 kB                                                 Downloaded from central: https://repo.maven.apache.org/maven2/org/apache/maven/surefire/surefire-api/3.0.0-M9/surefire-api-3.0.0-M9.jar (170 kB at 707 kB/s)
Downloading from central: https://repo.maven.apache.org/maven2/org/apache/maven/shared/maven-common-artifact-filters/3.1.1/maven-common-artifact-filters-3.1.1.jar
Downloaded from central: https://repo.maven.apache.org/maven2/org/apache/maven/surefire/surefire-logger-api/3.0.0-M9/surefire-logger-api-3.0.0-M9.jar (14 kB at 55 kB/s)
Downloading from central: https://repo.maven.apache.org/maven2/org/apache/maven/maven-artifact/3.1.0/maven-artifact-3.1.0.jar
Progress (3): 25 kB | 246/305 kB | 8.1 kBProgress (3): 25 kB | 262/305 kB | 8.1 kBProgress (3): 25 kB | 279/305 kB | 8.1 kBProgress (4): 25 kB | 279/305 kB | 8.1 kB | 16/61 kBProgress (4): 25 kB | 295/305 kB | 8.1 kB | 16/61 kBProgress (4): 25 kB | 305 kB | 8.1 kB | 16/61 kB    Progress (4): 25 kB | 305 kB | 8.1 kB | 32/61 kB                                                Downloaded from central: https://repo.maven.apache.org/maven2/org/apache/maven/surefire/surefire-extensions-api/3.0.0-M9/surefire-extensions-api-3.0.0-M9.jar (25 kB at 94 kB/s)
Downloading from central: https://repo.maven.apache.org/maven2/org/codehaus/plexus/plexus-utils/3.0.10/plexus-utils-3.0.10.jar
Progress (4): 305 kB | 8.1 kB | 32/61 kB | 16/52 kB                                                   Downloaded from central: https://repo.maven.apache.org/maven2/org/apache/maven/surefire/surefire-extensions-spi/3.0.0-M9/surefire-extensions-spi-3.0.0-M9.jar (8.1 kB at 29 kB/s)
Downloading from central: https://repo.maven.apache.org/maven2/org/apache/maven/maven-core/3.1.0/maven-core-3.1.0.jar
Progress (3): 305 kB | 32/61 kB | 33/52 kBProgress (3): 305 kB | 49/61 kB | 33/52 kBProgress (3): 305 kB | 49/61 kB | 49/52 kBProgress (3): 305 kB | 61 kB | 49/52 kB   Progress (3): 305 kB | 61 kB | 52 kB   Progress (4): 305 kB | 61 kB | 52 kB | 16/231 kB                                                Downloaded from central: https://repo.maven.apache.org/maven2/org/apache/maven/surefire/maven-surefire-common/3.0.0-M9/maven-surefire-common-3.0.0-M9.jar (305 kB at 986 kB/s)
Downloading from central: https://repo.maven.apache.org/maven2/org/apache/maven/maven-settings/3.1.0/maven-settings-3.1.0.jar
Progress (3): 61 kB | 52 kB | 33/231 kBProgress (3): 61 kB | 52 kB | 49/231 kBProgress (3): 61 kB | 52 kB | 66/231 kBProgress (3): 61 kB | 52 kB | 82/231 kBProgress (3): 61 kB | 52 kB | 98/231 kBProgress (4): 61 kB | 52 kB | 98/231 kB | 16/563 kBProgress (4): 61 kB | 52 kB | 115/231 kB | 16/563 kBProgress (4): 61 kB | 52 kB | 115/231 kB | 33/563 kBProgress (5): 61 kB | 52 kB | 115/231 kB | 33/563 kB | 16/47 kBProgress (5): 61 kB | 52 kB | 131/231 kB | 33/563 kB | 16/47 kB                                                               Downloaded from central: https://repo.maven.apache.org/maven2/org/apache/maven/maven-artifact/3.1.0/maven-artifact-3.1.0.jar (52 kB at 156 kB/s)
Downloading from central: https://repo.maven.apache.org/maven2/org/apache/maven/maven-settings-builder/3.1.0/maven-settings-builder-3.1.0.jar
Downloaded from central: https://repo.maven.apache.org/maven2/org/apache/maven/shared/maven-common-artifact-filters/3.1.1/maven-common-artifact-filters-3.1.1.jar (61 kB at 181 kB/s)
Downloading from central: https://repo.maven.apache.org/maven2/org/apache/maven/maven-repository-metadata/3.1.0/maven-repository-metadata-3.1.0.jar
Progress (3): 131/231 kB | 49/563 kB | 16/47 kBProgress (3): 147/231 kB | 49/563 kB | 16/47 kBProgress (3): 147/231 kB | 49/563 kB | 33/47 kBProgress (3): 147/231 kB | 66/563 kB | 33/47 kBProgress (3): 147/231 kB | 82/563 kB | 33/47 kBProgress (3): 164/231 kB | 82/563 kB | 33/47 kBProgress (3): 164/231 kB | 82/563 kB | 47 kB   Progress (3): 180/231 kB | 82/563 kB | 47 kBProgress (3): 180/231 kB | 98/563 kB | 47 kBProgress (3): 197/231 kB | 98/563 kB | 47 kBProgress (3): 197/231 kB | 115/563 kB | 47 kBProgress (3): 197/231 kB | 131/563 kB | 47 kBProgress (3): 213/231 kB | 131/563 kB | 47 kBProgress (3): 213/231 kB | 147/563 kB | 47 kBProgress (3): 229/231 kB | 147/563 kB | 47 kBProgress (3): 229/231 kB | 164/563 kB | 47 kBProgress (3): 231 kB | 164/563 kB | 47 kB    Progress (3): 231 kB | 180/563 kB | 47 kBProgress (3): 231 kB | 197/563 kB | 47 kBProgress (3): 231 kB | 213/563 kB | 47 kBProgress (3): 231 kB | 229/563 kB | 47 kBProgress (4): 231 kB | 229/563 kB | 47 kB | 16/41 kBProgress (5): 231 kB | 229/563 kB | 47 kB | 16/41 kB | 16/30 kB                                                               Downloaded from central: https://repo.maven.apache.org/maven2/org/apache/maven/maven-settings/3.1.0/maven-settings-3.1.0.jar (47 kB at 121 kB/s)
Downloading from central: https://repo.maven.apache.org/maven2/org/apache/maven/maven-model-builder/3.1.0/maven-model-builder-3.1.0.jar
Progress (4): 231 kB | 246/563 kB | 16/41 kB | 16/30 kBProgress (4): 231 kB | 262/563 kB | 16/41 kB | 16/30 kBProgress (4): 231 kB | 262/563 kB | 32/41 kB | 16/30 kBProgress (4): 231 kB | 279/563 kB | 32/41 kB | 16/30 kBProgress (4): 231 kB | 279/563 kB | 41 kB | 16/30 kB   Progress (4): 231 kB | 279/563 kB | 41 kB | 30 kB   Progress (4): 231 kB | 295/563 kB | 41 kB | 30 kBProgress (4): 231 kB | 311/563 kB | 41 kB | 30 kBProgress (4): 231 kB | 328/563 kB | 41 kB | 30 kB                                                 Downloaded from central: https://repo.maven.apache.org/maven2/org/codehaus/plexus/plexus-utils/3.0.10/plexus-utils-3.0.10.jar (231 kB at 562 kB/s)
Downloading from central: https://repo.maven.apache.org/maven2/org/apache/maven/maven-aether-provider/3.1.0/maven-aether-provider-3.1.0.jar
Progress (3): 344/563 kB | 41 kB | 30 kBProgress (3): 360/563 kB | 41 kB | 30 kBProgress (4): 360/563 kB | 41 kB | 30 kB | 16/159 kBProgress (4): 377/563 kB | 41 kB | 30 kB | 16/159 kBProgress (4): 377/563 kB | 41 kB | 30 kB | 33/159 kBProgress (4): 393/563 kB | 41 kB | 30 kB | 33/159 kBProgress (4): 393/563 kB | 41 kB | 30 kB | 49/159 kBProgress (4): 410/563 kB | 41 kB | 30 kB | 49/159 kBProgress (4): 410/563 kB | 41 kB | 30 kB | 66/159 kB                                                    Downloaded from central: https://repo.maven.apache.org/maven2/org/apache/maven/maven-settings-builder/3.1.0/maven-settings-builder-3.1.0.jar (41 kB at 98 kB/s)
Downloading from central: https://repo.maven.apache.org/maven2/org/eclipse/aether/aether-spi/0.9.0.M2/aether-spi-0.9.0.M2.jar
Downloaded from central: https://repo.maven.apache.org/maven2/org/apache/maven/maven-repository-metadata/3.1.0/maven-repository-metadata-3.1.0.jar (30 kB at 71 kB/s)
Downloading from central: https://repo.maven.apache.org/maven2/org/eclipse/aether/aether-impl/0.9.0.M2/aether-impl-0.9.0.M2.jar
Progress (2): 410/563 kB | 82/159 kBProgress (2): 426/563 kB | 82/159 kBProgress (2): 442/563 kB | 82/159 kBProgress (2): 442/563 kB | 98/159 kBProgress (2): 459/563 kB | 98/159 kBProgress (2): 475/563 kB | 98/159 kBProgress (2): 475/563 kB | 115/159 kBProgress (2): 492/563 kB | 115/159 kBProgress (2): 492/563 kB | 131/159 kBProgress (2): 508/563 kB | 131/159 kBProgress (3): 508/563 kB | 131/159 kB | 16/60 kBProgress (3): 508/563 kB | 147/159 kB | 16/60 kBProgress (3): 524/563 kB | 147/159 kB | 16/60 kBProgress (3): 524/563 kB | 147/159 kB | 32/60 kBProgress (3): 541/563 kB | 147/159 kB | 32/60 kBProgress (3): 541/563 kB | 159 kB | 32/60 kB    Progress (4): 541/563 kB | 159 kB | 32/60 kB | 16/18 kBProgress (4): 557/563 kB | 159 kB | 32/60 kB | 16/18 kBProgress (4): 557/563 kB | 159 kB | 32/60 kB | 18 kB   Progress (4): 557/563 kB | 159 kB | 49/60 kB | 18 kBProgress (4): 563 kB | 159 kB | 49/60 kB | 18 kB    Progress (5): 563 kB | 159 kB | 49/60 kB | 18 kB | 16/145 kBProgress (5): 563 kB | 159 kB | 60 kB | 18 kB | 16/145 kB   Progress (5): 563 kB | 159 kB | 60 kB | 18 kB | 33/145 kBProgress (5): 563 kB | 159 kB | 60 kB | 18 kB | 49/145 kBProgress (5): 563 kB | 159 kB | 60 kB | 18 kB | 66/145 kBProgress (5): 563 kB | 159 kB | 60 kB | 18 kB | 82/145 kBProgress (5): 563 kB | 159 kB | 60 kB | 18 kB | 98/145 kBProgress (5): 563 kB | 159 kB | 60 kB | 18 kB | 115/145 kB                                                          Downloaded from central: https://repo.maven.apache.org/maven2/org/apache/maven/maven-model-builder/3.1.0/maven-model-builder-3.1.0.jar (159 kB at 325 kB/s)
Downloading from central: https://repo.maven.apache.org/maven2/org/eclipse/aether/aether-api/0.9.0.M2/aether-api-0.9.0.M2.jar
Progress (4): 563 kB | 60 kB | 18 kB | 131/145 kBProgress (4): 563 kB | 60 kB | 18 kB | 145 kB                                                 Downloaded from central: https://repo.maven.apache.org/maven2/org/apache/maven/maven-core/3.1.0/maven-core-3.1.0.jar (563 kB at 1.1 MB/s)
Downloading from central: https://repo.maven.apache.org/maven2/org/eclipse/aether/aether-util/0.9.0.M2/aether-util-0.9.0.M2.jar
Downloaded from central: https://repo.maven.apache.org/maven2/org/eclipse/aether/aether-spi/0.9.0.M2/aether-spi-0.9.0.M2.jar (18 kB at 36 kB/s)
Downloading from central: https://repo.maven.apache.org/maven2/org/eclipse/sisu/org.eclipse.sisu.plexus/0.0.0.M2a/org.eclipse.sisu.plexus-0.0.0.M2a.jar
Downloaded from central: https://repo.maven.apache.org/maven2/org/apache/maven/maven-aether-provider/3.1.0/maven-aether-provider-3.1.0.jar (60 kB at 120 kB/s)
Downloading from central: https://repo.maven.apache.org/maven2/org/sonatype/sisu/sisu-guice/3.1.0/sisu-guice-3.1.0-no_aop.jar
Progress (2): 145 kB | 16/134 kBProgress (3): 145 kB | 16/134 kB | 16/134 kBProgress (3): 145 kB | 33/134 kB | 16/134 kBProgress (3): 145 kB | 33/134 kB | 32/134 kBProgress (3): 145 kB | 49/134 kB | 32/134 kBProgress (3): 145 kB | 49/134 kB | 49/134 kB                                            Downloaded from central: https://repo.maven.apache.org/maven2/org/eclipse/aether/aether-impl/0.9.0.M2/aether-impl-0.9.0.M2.jar (145 kB at 275 kB/s)
Progress (2): 66/134 kB | 49/134 kB                                   Downloading from central: https://repo.maven.apache.org/maven2/aopalliance/aopalliance/1.0/aopalliance-1.0.jar
Progress (2): 82/134 kB | 49/134 kBProgress (2): 98/134 kB | 49/134 kBProgress (2): 98/134 kB | 65/134 kBProgress (2): 115/134 kB | 65/134 kBProgress (3): 115/134 kB | 65/134 kB | 16/202 kBProgress (3): 131/134 kB | 65/134 kB | 16/202 kBProgress (3): 131/134 kB | 65/134 kB | 33/202 kBProgress (3): 134 kB | 65/134 kB | 33/202 kB    Progress (3): 134 kB | 65/134 kB | 49/202 kBProgress (3): 134 kB | 65/134 kB | 66/202 kBProgress (4): 134 kB | 65/134 kB | 66/202 kB | 16/357 kBProgress (4): 134 kB | 65/134 kB | 82/202 kB | 16/357 kBProgress (4): 134 kB | 65/134 kB | 98/202 kB | 16/357 kBProgress (4): 134 kB | 65/134 kB | 98/202 kB | 32/357 kBProgress (4): 134 kB | 65/134 kB | 98/202 kB | 49/357 kBProgress (4): 134 kB | 65/134 kB | 98/202 kB | 65/357 kBProgress (4): 134 kB | 65/134 kB | 115/202 kB | 65/357 kBProgress (4): 134 kB | 65/134 kB | 115/202 kB | 81/357 kBProgress (4): 134 kB | 65/134 kB | 131/202 kB | 81/357 kB                                                         Downloaded from central: https://repo.maven.apache.org/maven2/org/eclipse/aether/aether-api/0.9.0.M2/aether-api-0.9.0.M2.jar (134 kB at 233 kB/s)
Downloading from central: https://repo.maven.apache.org/maven2/org/eclipse/sisu/org.eclipse.sisu.inject/0.0.0.M2a/org.eclipse.sisu.inject-0.0.0.M2a.jar
Progress (3): 65/134 kB | 131/202 kB | 98/357 kBProgress (3): 65/134 kB | 147/202 kB | 98/357 kBProgress (3): 65/134 kB | 147/202 kB | 114/357 kBProgress (3): 65/134 kB | 147/202 kB | 131/357 kBProgress (3): 65/134 kB | 164/202 kB | 131/357 kBProgress (3): 65/134 kB | 164/202 kB | 147/357 kBProgress (3): 65/134 kB | 180/202 kB | 147/357 kBProgress (3): 81/134 kB | 180/202 kB | 147/357 kBProgress (3): 81/134 kB | 197/202 kB | 147/357 kBProgress (3): 98/134 kB | 197/202 kB | 147/357 kBProgress (3): 98/134 kB | 202 kB | 147/357 kB    Progress (3): 98/134 kB | 202 kB | 163/357 kBProgress (3): 114/134 kB | 202 kB | 163/357 kBProgress (3): 114/134 kB | 202 kB | 180/357 kBProgress (3): 131/134 kB | 202 kB | 180/357 kBProgress (4): 131/134 kB | 202 kB | 180/357 kB | 4.5 kBProgress (5): 131/134 kB | 202 kB | 180/357 kB | 4.5 kB | 16/202 kBProgress (5): 134 kB | 202 kB | 180/357 kB | 4.5 kB | 16/202 kB    Progress (5): 134 kB | 202 kB | 196/357 kB | 4.5 kB | 16/202 kBProgress (5): 134 kB | 202 kB | 196/357 kB | 4.5 kB | 33/202 kBProgress (5): 134 kB | 202 kB | 212/357 kB | 4.5 kB | 33/202 kBProgress (5): 134 kB | 202 kB | 212/357 kB | 4.5 kB | 49/202 kBProgress (5): 134 kB | 202 kB | 212/357 kB | 4.5 kB | 62/202 kBProgress (5): 134 kB | 202 kB | 229/357 kB | 4.5 kB | 62/202 kBProgress (5): 134 kB | 202 kB | 245/357 kB | 4.5 kB | 62/202 kBProgress (5): 134 kB | 202 kB | 245/357 kB | 4.5 kB | 79/202 kBProgress (5): 134 kB | 202 kB | 262/357 kB | 4.5 kB | 79/202 kBProgress (5): 134 kB | 202 kB | 262/357 kB | 4.5 kB | 95/202 kB                                                               Downloaded from central: https://repo.maven.apache.org/maven2/org/eclipse/sisu/org.eclipse.sisu.plexus/0.0.0.M2a/org.eclipse.sisu.plexus-0.0.0.M2a.jar (202 kB at 298 kB/s)
Downloading from central: https://repo.maven.apache.org/maven2/asm/asm/3.3.1/asm-3.3.1.jar
Progress (4): 134 kB | 278/357 kB | 4.5 kB | 95/202 kB                                                      Downloaded from central: https://repo.maven.apache.org/maven2/aopalliance/aopalliance/1.0/aopalliance-1.0.jar (4.5 kB at 6.6 kB/s)
Downloading from central: https://repo.maven.apache.org/maven2/org/codehaus/plexus/plexus-interpolation/1.16/plexus-interpolation-1.16.jar
Progress (3): 134 kB | 278/357 kB | 112/202 kB                                              Downloaded from central: https://repo.maven.apache.org/maven2/org/eclipse/aether/aether-util/0.9.0.M2/aether-util-0.9.0.M2.jar (134 kB at 195 kB/s)
Downloading from central: https://repo.maven.apache.org/maven2/org/codehaus/plexus/plexus-classworlds/2.4.2/plexus-classworlds-2.4.2.jar
Progress (2): 278/357 kB | 128/202 kBProgress (2): 294/357 kB | 128/202 kBProgress (2): 294/357 kB | 144/202 kBProgress (2): 311/357 kB | 144/202 kBProgress (2): 311/357 kB | 161/202 kBProgress (3): 311/357 kB | 161/202 kB | 16/61 kBProgress (4): 311/357 kB | 161/202 kB | 16/61 kB | 16/44 kBProgress (4): 311/357 kB | 161/202 kB | 33/61 kB | 16/44 kBProgress (4): 327/357 kB | 161/202 kB | 33/61 kB | 16/44 kBProgress (4): 327/357 kB | 177/202 kB | 33/61 kB | 16/44 kBProgress (4): 327/357 kB | 177/202 kB | 33/61 kB | 32/44 kBProgress (4): 327/357 kB | 177/202 kB | 49/61 kB | 32/44 kBProgress (4): 327/357 kB | 177/202 kB | 61 kB | 32/44 kB   Progress (4): 327/357 kB | 194/202 kB | 61 kB | 32/44 kBProgress (5): 327/357 kB | 194/202 kB | 61 kB | 32/44 kB | 16/47 kBProgress (5): 327/357 kB | 194/202 kB | 61 kB | 44 kB | 16/47 kB   Progress (5): 344/357 kB | 194/202 kB | 61 kB | 44 kB | 16/47 kBProgress (5): 344/357 kB | 202 kB | 61 kB | 44 kB | 16/47 kB    Progress (5): 357 kB | 202 kB | 61 kB | 44 kB | 16/47 kB    Progress (5): 357 kB | 202 kB | 61 kB | 44 kB | 32/47 kBProgress (5): 357 kB | 202 kB | 61 kB | 44 kB | 47 kB                                                        Downloaded from central: https://repo.maven.apache.org/maven2/asm/asm/3.3.1/asm-3.3.1.jar (44 kB at 58 kB/s)
Downloading from central: https://repo.maven.apache.org/maven2/org/apache/maven/maven-plugin-api/3.1.0/maven-plugin-api-3.1.0.jar
Downloaded from central: https://repo.maven.apache.org/maven2/org/codehaus/plexus/plexus-interpolation/1.16/plexus-interpolation-1.16.jar (61 kB at 81 kB/s)
Downloading from central: https://repo.maven.apache.org/maven2/commons-io/commons-io/2.6/commons-io-2.6.jar
Downloaded from central: https://repo.maven.apache.org/maven2/org/sonatype/sisu/sisu-guice/3.1.0/sisu-guice-3.1.0-no_aop.jar (357 kB at 468 kB/s)
Downloading from central: https://repo.maven.apache.org/maven2/org/codehaus/plexus/plexus-java/1.1.2/plexus-java-1.1.2.jar
Downloaded from central: https://repo.maven.apache.org/maven2/org/eclipse/sisu/org.eclipse.sisu.inject/0.0.0.M2a/org.eclipse.sisu.inject-0.0.0.M2a.jar (202 kB at 265 kB/s)
Downloading from central: https://repo.maven.apache.org/maven2/org/ow2/asm/asm/9.4/asm-9.4.jar
Downloaded from central: https://repo.maven.apache.org/maven2/org/codehaus/plexus/plexus-classworlds/2.4.2/plexus-classworlds-2.4.2.jar (47 kB at 61 kB/s)
Downloading from central: https://repo.maven.apache.org/maven2/com/thoughtworks/qdox/qdox/2.0.3/qdox-2.0.3.jar
Progress (1): 16/50 kBProgress (1): 33/50 kBProgress (2): 33/50 kB | 16/215 kBProgress (2): 33/50 kB | 33/215 kBProgress (2): 49/50 kB | 33/215 kBProgress (2): 49/50 kB | 49/215 kBProgress (2): 50 kB | 49/215 kB   Progress (3): 50 kB | 49/215 kB | 16/55 kBProgress (3): 50 kB | 66/215 kB | 16/55 kBProgress (3): 50 kB | 66/215 kB | 33/55 kBProgress (3): 50 kB | 82/215 kB | 33/55 kBProgress (3): 50 kB | 82/215 kB | 49/55 kBProgress (4): 50 kB | 82/215 kB | 49/55 kB | 16/122 kBProgress (4): 50 kB | 98/215 kB | 49/55 kB | 16/122 kBProgress (4): 50 kB | 98/215 kB | 55 kB | 16/122 kB   Progress (4): 50 kB | 98/215 kB | 55 kB | 33/122 kBProgress (4): 50 kB | 115/215 kB | 55 kB | 33/122 kBProgress (4): 50 kB | 131/215 kB | 55 kB | 33/122 kBProgress (4): 50 kB | 131/215 kB | 55 kB | 49/122 kBProgress (5): 50 kB | 131/215 kB | 55 kB | 49/122 kB | 16/334 kBProgress (5): 50 kB | 147/215 kB | 55 kB | 49/122 kB | 16/334 kBProgress (5): 50 kB | 147/215 kB | 55 kB | 66/122 kB | 16/334 kBProgress (5): 50 kB | 147/215 kB | 55 kB | 66/122 kB | 33/334 kBProgress (5): 50 kB | 164/215 kB | 55 kB | 66/122 kB | 33/334 kBProgress (5): 50 kB | 164/215 kB | 55 kB | 82/122 kB | 33/334 kBProgress (5): 50 kB | 180/215 kB | 55 kB | 82/122 kB | 33/334 kBProgress (5): 50 kB | 180/215 kB | 55 kB | 98/122 kB | 33/334 kBProgress (5): 50 kB | 197/215 kB | 55 kB | 98/122 kB | 33/334 kBProgress (5): 50 kB | 197/215 kB | 55 kB | 98/122 kB | 49/334 kBProgress (5): 50 kB | 197/215 kB | 55 kB | 115/122 kB | 49/334 kBProgress (5): 50 kB | 213/215 kB | 55 kB | 115/122 kB | 49/334 kBProgress (5): 50 kB | 213/215 kB | 55 kB | 122 kB | 49/334 kB    Progress (5): 50 kB | 213/215 kB | 55 kB | 122 kB | 66/334 kB                                                             Downloaded from central: https://repo.maven.apache.org/maven2/org/apache/maven/maven-plugin-api/3.1.0/maven-plugin-api-3.1.0.jar (50 kB at 60 kB/s)
Downloading from central: https://repo.maven.apache.org/maven2/org/apache/maven/surefire/surefire-shared-utils/3.0.0-M9/surefire-shared-utils-3.0.0-M9.jar
Progress (4): 215 kB | 55 kB | 122 kB | 66/334 kBProgress (4): 215 kB | 55 kB | 122 kB | 82/334 kBProgress (4): 215 kB | 55 kB | 122 kB | 98/334 kBProgress (4): 215 kB | 55 kB | 122 kB | 115/334 kB                                                  Downloaded from central: https://repo.maven.apache.org/maven2/org/codehaus/plexus/plexus-java/1.1.2/plexus-java-1.1.2.jar (55 kB at 64 kB/s)
Progress (3): 215 kB | 122 kB | 131/334 kBProgress (3): 215 kB | 122 kB | 147/334 kBProgress (3): 215 kB | 122 kB | 164/334 kBProgress (3): 215 kB | 122 kB | 180/334 kBProgress (3): 215 kB | 122 kB | 197/334 kBProgress (4): 215 kB | 122 kB | 197/334 kB | 0/2.1 MB                                                     Downloaded from central: https://repo.maven.apache.org/maven2/org/ow2/asm/asm/9.4/asm-9.4.jar (122 kB at 139 kB/s)
Progress (3): 215 kB | 197/334 kB | 0/2.1 MBProgress (3): 215 kB | 213/334 kB | 0/2.1 MBProgress (3): 215 kB | 229/334 kB | 0/2.1 MBProgress (3): 215 kB | 246/334 kB | 0/2.1 MBProgress (3): 215 kB | 246/334 kB | 0/2.1 MBProgress (3): 215 kB | 256/334 kB | 0/2.1 MBProgress (3): 215 kB | 256/334 kB | 0.1/2.1 MB                                              Downloaded from central: https://repo.maven.apache.org/maven2/commons-io/commons-io/2.6/commons-io-2.6.jar (215 kB at 240 kB/s)
Progress (2): 256/334 kB | 0.1/2.1 MBProgress (2): 272/334 kB | 0.1/2.1 MBProgress (2): 272/334 kB | 0.1/2.1 MBProgress (2): 289/334 kB | 0.1/2.1 MBProgress (2): 289/334 kB | 0.1/2.1 MBProgress (2): 305/334 kB | 0.1/2.1 MBProgress (2): 305/334 kB | 0.1/2.1 MBProgress (2): 305/334 kB | 0.1/2.1 MBProgress (2): 305/334 kB | 0.2/2.1 MBProgress (2): 321/334 kB | 0.2/2.1 MBProgress (2): 321/334 kB | 0.2/2.1 MBProgress (2): 321/334 kB | 0.2/2.1 MBProgress (2): 334 kB | 0.2/2.1 MB    Progress (2): 334 kB | 0.2/2.1 MBProgress (2): 334 kB | 0.2/2.1 MBProgress (2): 334 kB | 0.2/2.1 MBProgress (2): 334 kB | 0.3/2.1 MBProgress (2): 334 kB | 0.3/2.1 MBProgress (2): 334 kB | 0.3/2.1 MBProgress (2): 334 kB | 0.3/2.1 MBProgress (2): 334 kB | 0.3/2.1 MB                                 Downloaded from central: https://repo.maven.apache.org/maven2/com/thoughtworks/qdox/qdox/2.0.3/qdox-2.0.3.jar (334 kB at 351 kB/s)
Progress (1): 0.3/2.1 MBProgress (1): 0.4/2.1 MBProgress (1): 0.4/2.1 MBProgress (1): 0.4/2.1 MBProgress (1): 0.4/2.1 MBProgress (1): 0.4/2.1 MBProgress (1): 0.4/2.1 MBProgress (1): 0.5/2.1 MBProgress (1): 0.5/2.1 MBProgress (1): 0.5/2.1 MBProgress (1): 0.5/2.1 MBProgress (1): 0.5/2.1 MBProgress (1): 0.5/2.1 MBProgress (1): 0.6/2.1 MBProgress (1): 0.6/2.1 MBProgress (1): 0.6/2.1 MBProgress (1): 0.6/2.1 MBProgress (1): 0.6/2.1 MBProgress (1): 0.6/2.1 MBProgress (1): 0.7/2.1 MBProgress (1): 0.7/2.1 MBProgress (1): 0.7/2.1 MBProgress (1): 0.7/2.1 MBProgress (1): 0.7/2.1 MBProgress (1): 0.7/2.1 MBProgress (1): 0.7/2.1 MBProgress (1): 0.8/2.1 MBProgress (1): 0.8/2.1 MBProgress (1): 0.8/2.1 MBProgress (1): 0.8/2.1 MBProgress (1): 0.8/2.1 MBProgress (1): 0.8/2.1 MBProgress (1): 0.9/2.1 MBProgress (1): 0.9/2.1 MBProgress (1): 0.9/2.1 MBProgress (1): 0.9/2.1 MBProgress (1): 0.9/2.1 MBProgress (1): 0.9/2.1 MBProgress (1): 1.0/2.1 MBProgress (1): 1.0/2.1 MBProgress (1): 1.0/2.1 MBProgress (1): 1.0/2.1 MBProgress (1): 1.0/2.1 MBProgress (1): 1.0/2.1 MBProgress (1): 1.1/2.1 MBProgress (1): 1.1/2.1 MBProgress (1): 1.1/2.1 MBProgress (1): 1.1/2.1 MBProgress (1): 1.1/2.1 MBProgress (1): 1.1/2.1 MBProgress (1): 1.2/2.1 MBProgress (1): 1.2/2.1 MBProgress (1): 1.2/2.1 MBProgress (1): 1.2/2.1 MBProgress (1): 1.2/2.1 MBProgress (1): 1.2/2.1 MBProgress (1): 1.3/2.1 MBProgress (1): 1.3/2.1 MBProgress (1): 1.3/2.1 MBProgress (1): 1.3/2.1 MBProgress (1): 1.3/2.1 MBProgress (1): 1.3/2.1 MBProgress (1): 1.4/2.1 MBProgress (1): 1.4/2.1 MBProgress (1): 1.4/2.1 MBProgress (1): 1.4/2.1 MBProgress (1): 1.4/2.1 MBProgress (1): 1.4/2.1 MBProgress (1): 1.5/2.1 MBProgress (1): 1.5/2.1 MBProgress (1): 1.5/2.1 MBProgress (1): 1.5/2.1 MBProgress (1): 1.5/2.1 MBProgress (1): 1.5/2.1 MBProgress (1): 1.5/2.1 MBProgress (1): 1.6/2.1 MBProgress (1): 1.6/2.1 MBProgress (1): 1.6/2.1 MBProgress (1): 1.6/2.1 MBProgress (1): 1.6/2.1 MBProgress (1): 1.6/2.1 MBProgress (1): 1.7/2.1 MBProgress (1): 1.7/2.1 MBProgress (1): 1.7/2.1 MBProgress (1): 1.7/2.1 MBProgress (1): 1.7/2.1 MBProgress (1): 1.7/2.1 MBProgress (1): 1.8/2.1 MBProgress (1): 1.8/2.1 MBProgress (1): 1.8/2.1 MBProgress (1): 1.8/2.1 MBProgress (1): 1.8/2.1 MBProgress (1): 1.8/2.1 MBProgress (1): 1.9/2.1 MBProgress (1): 1.9/2.1 MBProgress (1): 1.9/2.1 MBProgress (1): 1.9/2.1 MBProgress (1): 1.9/2.1 MBProgress (1): 1.9/2.1 MBProgress (1): 2.0/2.1 MBProgress (1): 2.0/2.1 MBProgress (1): 2.0/2.1 MBProgress (1): 2.0/2.1 MBProgress (1): 2.0/2.1 MBProgress (1): 2.0/2.1 MBProgress (1): 2.0/2.1 MBProgress (1): 2.1/2.1 MBProgress (1): 2.1/2.1 MBProgress (1): 2.1/2.1 MBProgress (1): 2.1/2.1 MBProgress (1): 2.1/2.1 MBProgress (1): 2.1/2.1 MBProgress (1): 2.1 MB                        Downloaded from central: https://repo.maven.apache.org/maven2/org/apache/maven/surefire/surefire-shared-utils/3.0.0-M9/surefire-shared-utils-3.0.0-M9.jar (2.1 MB at 1.7 MB/s)
[INFO] 
[INFO] --- resources:3.1.0:resources (default-resources) @ auth-course ---
[INFO] Using 'UTF-8' encoding to copy filtered resources.
[INFO] Copying 1 resource
[INFO] Copying 2 resources
[INFO] 
[INFO] --- compiler:3.8.1:compile (default-compile) @ auth-course ---
[INFO] Changes detected - recompiling the module!
[INFO] Compiling 23 source files to /var/jenkins_home/workspace/ecommerceApplication/starter_code/target/classes
[INFO] 
[INFO] --- resources:3.1.0:testResources (default-testResources) @ auth-course ---
[INFO] Using 'UTF-8' encoding to copy filtered resources.
[INFO] skip non existing resourceDirectory /var/jenkins_home/workspace/ecommerceApplication/starter_code/src/test/resources
[INFO] 
[INFO] --- compiler:3.8.1:testCompile (default-testCompile) @ auth-course ---
[INFO] Changes detected - recompiling the module!
[INFO] Compiling 5 source files to /var/jenkins_home/workspace/ecommerceApplication/starter_code/target/test-classes
[INFO] 
[INFO] --- surefire:2.22.2:test (default-test) @ auth-course ---
Downloading from central: https://repo.maven.apache.org/maven2/org/apache/maven/surefire/surefire-junit-platform/2.22.2/surefire-junit-platform-2.22.2.pom
Progress (1): 7.0 kB                    Downloaded from central: https://repo.maven.apache.org/maven2/org/apache/maven/surefire/surefire-junit-platform/2.22.2/surefire-junit-platform-2.22.2.pom (7.0 kB at 159 kB/s)
Downloading from central: https://repo.maven.apache.org/maven2/org/junit/platform/junit-platform-launcher/1.3.1/junit-platform-launcher-1.3.1.pom
Progress (1): 2.2 kB                    Downloaded from central: https://repo.maven.apache.org/maven2/org/junit/platform/junit-platform-launcher/1.3.1/junit-platform-launcher-1.3.1.pom (2.2 kB at 58 kB/s)
Downloading from central: https://repo.maven.apache.org/maven2/org/apiguardian/apiguardian-api/1.0.0/apiguardian-api-1.0.0.pom
Progress (1): 1.2 kB                    Downloaded from central: https://repo.maven.apache.org/maven2/org/apiguardian/apiguardian-api/1.0.0/apiguardian-api-1.0.0.pom (1.2 kB at 32 kB/s)
Downloading from central: https://repo.maven.apache.org/maven2/org/junit/platform/junit-platform-engine/1.3.1/junit-platform-engine-1.3.1.pom
Progress (1): 2.4 kB                    Downloaded from central: https://repo.maven.apache.org/maven2/org/junit/platform/junit-platform-engine/1.3.1/junit-platform-engine-1.3.1.pom (2.4 kB at 92 kB/s)
Downloading from central: https://repo.maven.apache.org/maven2/org/junit/platform/junit-platform-commons/1.3.1/junit-platform-commons-1.3.1.pom
Progress (1): 2.0 kB                    Downloaded from central: https://repo.maven.apache.org/maven2/org/junit/platform/junit-platform-commons/1.3.1/junit-platform-commons-1.3.1.pom (2.0 kB at 70 kB/s)
Downloading from central: https://repo.maven.apache.org/maven2/org/opentest4j/opentest4j/1.1.1/opentest4j-1.1.1.pom
Progress (1): 1.7 kB                    Downloaded from central: https://repo.maven.apache.org/maven2/org/opentest4j/opentest4j/1.1.1/opentest4j-1.1.1.pom (1.7 kB at 67 kB/s)
Downloading from central: https://repo.maven.apache.org/maven2/org/apache/maven/surefire/surefire-junit-platform/2.22.2/surefire-junit-platform-2.22.2.jar
Downloading from central: https://repo.maven.apache.org/maven2/org/junit/platform/junit-platform-engine/1.3.1/junit-platform-engine-1.3.1.jar
Downloading from central: https://repo.maven.apache.org/maven2/org/junit/platform/junit-platform-commons/1.3.1/junit-platform-commons-1.3.1.jar
Downloading from central: https://repo.maven.apache.org/maven2/org/apiguardian/apiguardian-api/1.0.0/apiguardian-api-1.0.0.jar
Downloading from central: https://repo.maven.apache.org/maven2/org/junit/platform/junit-platform-launcher/1.3.1/junit-platform-launcher-1.3.1.jar
Progress (1): 16/66 kBProgress (1): 33/66 kBProgress (1): 49/66 kBProgress (1): 66/66 kBProgress (1): 66 kB   Progress (2): 66 kB | 16/135 kBProgress (3): 66 kB | 16/135 kB | 2.2 kBProgress (3): 66 kB | 32/135 kB | 2.2 kBProgress (4): 66 kB | 32/135 kB | 2.2 kB | 16/95 kB                                                   Downloaded from central: https://repo.maven.apache.org/maven2/org/apache/maven/surefire/surefire-junit-platform/2.22.2/surefire-junit-platform-2.22.2.jar (66 kB at 1.2 MB/s)
Progress (3): 49/135 kB | 2.2 kB | 16/95 kBProgress (3): 49/135 kB | 2.2 kB | 33/95 kB                                           Downloaded from central: https://repo.maven.apache.org/maven2/org/apiguardian/apiguardian-api/1.0.0/apiguardian-api-1.0.0.jar (2.2 kB at 34 kB/s)
Progress (2): 49/135 kB | 49/95 kBProgress (2): 65/135 kB | 49/95 kB                                  Downloading from central: https://repo.maven.apache.org/maven2/org/opentest4j/opentest4j/1.1.1/opentest4j-1.1.1.jar
Progress (2): 65/135 kB | 66/95 kBProgress (2): 81/135 kB | 66/95 kBProgress (2): 98/135 kB | 66/95 kBProgress (2): 98/135 kB | 82/95 kBProgress (2): 98/135 kB | 95 kB   Progress (2): 114/135 kB | 95 kBProgress (2): 131/135 kB | 95 kBProgress (3): 131/135 kB | 95 kB | 16/78 kBProgress (3): 135 kB | 95 kB | 16/78 kB    Progress (3): 135 kB | 95 kB | 32/78 kBProgress (4): 135 kB | 95 kB | 32/78 kB | 7.1 kBProgress (4): 135 kB | 95 kB | 49/78 kB | 7.1 kB                                                Downloaded from central: https://repo.maven.apache.org/maven2/org/junit/platform/junit-platform-launcher/1.3.1/junit-platform-launcher-1.3.1.jar (95 kB at 309 kB/s)
Progress (3): 135 kB | 65/78 kB | 7.1 kB                                        Downloaded from central: https://repo.maven.apache.org/maven2/org/junit/platform/junit-platform-engine/1.3.1/junit-platform-engine-1.3.1.jar (135 kB at 427 kB/s)
Progress (2): 78 kB | 7.1 kB                            Downloaded from central: https://repo.maven.apache.org/maven2/org/opentest4j/opentest4j/1.1.1/opentest4j-1.1.1.jar (7.1 kB at 30 kB/s)
Downloaded from central: https://repo.maven.apache.org/maven2/org/junit/platform/junit-platform-commons/1.3.1/junit-platform-commons-1.3.1.jar (78 kB at 221 kB/s)
[INFO] 
[INFO] -------------------------------------------------------
[INFO]  T E S T S
[INFO] -------------------------------------------------------
[INFO] Running com.example.demo.controllers.CartControllerTest
10:11:16.015 [main] INFO  c.e.demo.controllers.CartController - Cart Updated. 
[INFO] Tests run: 2, Failures: 0, Errors: 0, Skipped: 0, Time elapsed: 4.202 s - in com.example.demo.controllers.CartControllerTest
[INFO] Running com.example.demo.controllers.ItemControllerTest
10:11:16.258 [main] INFO  c.e.demo.controllers.ItemController - Item created successfully! 
[INFO] Tests run: 4, Failures: 0, Errors: 0, Skipped: 0, Time elapsed: 0.005 s - in com.example.demo.controllers.ItemControllerTest
[INFO] Running com.example.demo.controllers.OrderControllerTest
10:11:16.550 [main] INFO  c.e.demo.controllers.OrderController - User not found in database! CreateOrder
10:11:16.649 [main] INFO  c.e.demo.controllers.OrderController - User not found in database! 
10:11:16.655 [main] INFO  c.e.demo.controllers.OrderController - Order submitted successfully! CreateOrder
[INFO] Tests run: 4, Failures: 0, Errors: 0, Skipped: 0, Time elapsed: 0.213 s - in com.example.demo.controllers.OrderControllerTest
[INFO] Running com.example.demo.controllers.UserControllerTest
10:11:16.761 [main] INFO  c.e.demo.controllers.UserController - User Created Successfully! CreateUser
[INFO] Tests run: 3, Failures: 0, Errors: 0, Skipped: 0, Time elapsed: 0.08 s - in com.example.demo.controllers.UserControllerTest
[INFO] Running com.example.demo.SareetaApplicationTests

  .   ____          _            __ _ _
 /\\ / ___'_ __ _ _(_)_ __  __ _ \ \ \ \
( ( )\___ | '_ | '_| | '_ \/ _` | \ \ \ \
 \\/  ___)| |_)| | | | | || (_| |  ) ) ) )
  '  |____| .__|_| |_|_| |_\__, | / / / /
 =========|_|==============|___/=/_/_/_/
 :: Spring Boot ::        (v2.3.2.RELEASE)

10:11:18.668 [main] INFO  c.e.demo.SareetaApplicationTests - Starting SareetaApplicationTests on c4e26238964b with PID 2229 (started by jenkins in /var/jenkins_home/workspace/ecommerceApplication/starter_code) 
10:11:18.676 [main] INFO  c.e.demo.SareetaApplicationTests - No active profile set, falling back to default profiles: default 
10:11:29.029 [main] INFO  o.h.jpa.internal.util.LogHelper - HHH000204: Processing PersistenceUnitInfo [name: default] 
10:11:29.579 [main] INFO  org.hibernate.Version - HHH000412: Hibernate ORM core version 5.4.18.Final 
10:11:29.990 [main] INFO  o.h.annotations.common.Version - HCANN000001: Hibernate Commons Annotations {5.1.0.Final} 
10:11:31.062 [main] INFO  com.zaxxer.hikari.HikariDataSource - HikariPool-1 - Starting... 
10:11:32.493 [main] INFO  com.zaxxer.hikari.HikariDataSource - HikariPool-1 - Start completed. 
10:11:32.639 [main] INFO  org.hibernate.dialect.Dialect - HHH000400: Using dialect: org.hibernate.dialect.H2Dialect 
10:11:36.039 [main] INFO  org.hibernate.tuple.PojoInstantiator - HHH000182: No default (no-argument) constructor for class: com.example.demo.model.persistence.Item (class must be instantiated by Interceptor) 
10:11:37.404 [main] INFO  o.h.e.t.j.p.i.JtaPlatformInitiator - HHH000490: Using JtaPlatform implementation: [org.hibernate.engine.transaction.jta.platform.internal.NoJtaPlatform] 
10:11:43.900 [main] INFO  s.d.s.w.PropertySourcedRequestMappingHandlerMapping - Mapped URL path [/v2/api-docs] onto method [springfox.documentation.swagger2.web.Swagger2Controller#getDocumentation(String, HttpServletRequest)] 
10:11:50.086 [main] INFO  s.d.s.w.p.DocumentationPluginsBootstrapper - Context refreshed 
10:11:50.216 [main] INFO  s.d.s.w.p.DocumentationPluginsBootstrapper - Found 1 custom documentation plugin(s) 
10:11:50.415 [main] INFO  s.d.s.w.s.ApiListingReferenceScanner - Scanning for api listing references 
10:11:51.284 [main] INFO  c.e.demo.SareetaApplicationTests - Started SareetaApplicationTests in 34.255 seconds (JVM running for 44.98) 
[INFO] Tests run: 1, Failures: 0, Errors: 0, Skipped: 0, Time elapsed: 34.703 s - in com.example.demo.SareetaApplicationTests
10:11:51.638 [SpringContextShutdownHook] INFO  com.zaxxer.hikari.HikariDataSource - HikariPool-1 - Shutdown initiated... 
10:11:51.656 [SpringContextShutdownHook] INFO  com.zaxxer.hikari.HikariDataSource - HikariPool-1 - Shutdown completed. 
[INFO] 
[INFO] Results:
[INFO] 
[INFO] Tests run: 14, Failures: 0, Errors: 0, Skipped: 0
[INFO] 
[INFO] ------------------------------------------------------------------------
[INFO] BUILD SUCCESS
[INFO] ------------------------------------------------------------------------
[INFO] Total time:  01:14 min
[INFO] Finished at: 2023-03-03T10:11:52Z
[INFO] ------------------------------------------------------------------------
Recording test results
[Checks API] No suitable checks publisher found.
Finished: SUCCESS
